<?xml version="1.0" encoding="UTF-8"?>
<!-- Generated by org.testng.reporters.JUnitXMLReporter -->
<testsuite hostname="admin-PC" name="Test" tests="3" failures="0" timestamp="21 Dec 2019 16:58:43 GMT" time="125.118" errors="0">
  <testcase name="registerPageHandle" time="22.264" classname="testcases.NavigationSel"/>
  <testcase name="fillRegisterPage" time="0.493" classname="testcases.RegisterPageFill"/>
  <testcase name="webtablehandle" time="100.951" classname="testcases.Webtable"/>
</testsuite> <!-- Test -->
