<?xml version="1.0" encoding="UTF-8"?>
<testng-results skipped="0" failed="0" total="3" passed="3">
  <reporter-output>
  </reporter-output>
  <suite name="Suite" duration-ms="125118" started-at="2019-12-21T22:26:38Z" finished-at="2019-12-21T22:28:43Z">
    <groups>
    </groups>
    <test name="Test" duration-ms="125118" started-at="2019-12-21T22:26:38Z" finished-at="2019-12-21T22:28:43Z">
      <class name="testcases.Webtable">
        <test-method status="PASS" signature="openBrowser()[pri:0, instance:testcases.Webtable@14bf9759]" name="openBrowser" is-config="true" duration-ms="14916" started-at="2019-12-21T22:26:23Z" finished-at="2019-12-21T22:26:38Z">
        </test-method> <!-- openBrowser -->
        <test-method status="PASS" signature="webtablehandle()[pri:3, instance:testcases.Webtable@14bf9759]" name="webtablehandle" duration-ms="100951" started-at="2019-12-21T22:27:02Z" finished-at="2019-12-21T22:28:43Z">
        </test-method> <!-- webtablehandle -->
      </class> <!-- testcases.Webtable -->
      <class name="testcases.RegisterPageFill">
        <test-method status="PASS" signature="fillRegisterPage()[pri:2, instance:testcases.RegisterPageFill@5f341870]" name="fillRegisterPage" duration-ms="493" started-at="2019-12-21T22:27:01Z" finished-at="2019-12-21T22:27:02Z">
        </test-method> <!-- fillRegisterPage -->
      </class> <!-- testcases.RegisterPageFill -->
      <class name="testcases.NavigationSel">
        <test-method status="PASS" signature="registerPageHandle()[pri:1, instance:testcases.NavigationSel@553f17c]" name="registerPageHandle" duration-ms="22264" started-at="2019-12-21T22:26:38Z" finished-at="2019-12-21T22:27:01Z">
        </test-method> <!-- registerPageHandle -->
      </class> <!-- testcases.NavigationSel -->
    </test> <!-- Test -->
  </suite> <!-- Suite -->
</testng-results>
