<?xml version="1.0" encoding="UTF-8"?>
<testng-results skipped="0" failed="0" total="1" passed="1">
  <reporter-output>
  </reporter-output>
  <suite name="Default suite" duration-ms="23294" started-at="2019-11-15T22:15:56Z" finished-at="2019-11-15T22:16:20Z">
    <groups>
    </groups>
    <test name="Default test" duration-ms="23294" started-at="2019-11-15T22:15:56Z" finished-at="2019-11-15T22:16:20Z">
      <class name="Tour.Baseclass">
        <test-method status="PASS" signature="openBrowser()[pri:0, instance:Tour.Baseclass@e25b2fe]" name="openBrowser" is-config="true" duration-ms="14371" started-at="2019-11-15T22:15:42Z" finished-at="2019-11-15T22:15:56Z">
        </test-method> <!-- openBrowser -->
        <test-method status="PASS" signature="registerPageHandle()[pri:1, instance:Tour.Baseclass@e25b2fe]" name="registerPageHandle" duration-ms="23255" started-at="2019-11-15T22:15:56Z" finished-at="2019-11-15T22:16:19Z">
        </test-method> <!-- registerPageHandle -->
      </class> <!-- Tour.Baseclass -->
    </test> <!-- Default test -->
  </suite> <!-- Default suite -->
</testng-results>
